<?xml version="1.0" encoding="UTF-8"?>
<TestRun id="cbed0118-5724-4ad3-bb11-269c5c47bdf4" name="nielsobr@USSLCL00134 2012-01-28 00:36:31" runUser="CORP\nielsobr" xmlns="http://microsoft.com/schemas/VisualStudio/TeamTest/2010">
  <TestSettings name="Local" id="eea220ab-40d6-40e9-934b-77bf5a1f08ee">
    <Description>These are default test settings for a local test run.</Description>
    <Deployment enabled="false" runDeploymentRoot="nielsobr_USSLCL00134 2012-01-28 00_36_31">
      <DeploymentItem filename="C:\Programming\AILab\Sudoku\bin\Debug\Sudoku.dll" />
    </Deployment>
    <Execution>
      <TestTypeSpecific />
      <AgentRule name="Execution Agents">
      </AgentRule>
    </Execution>
  </TestSettings>
  <Times creation="2012-01-28T00:36:31.6941497-07:00" queuing="2012-01-28T00:36:34.2651973-07:00" start="2012-01-28T00:36:34.3588063-07:00" finish="2012-01-28T00:40:45.7306833-07:00" />
  <ResultSummary outcome="Error">
    <Counters total="1" executed="1" error="0" failed="0" timeout="0" aborted="1" inconclusive="0" passedButRunAborted="0" notRunnable="0" notExecuted="0" disconnected="0" warning="0" passed="0" completed="0" inProgress="0" pending="0" />
    <RunInfos>
      <RunInfo computerName="USSLCL00134" outcome="Error" timestamp="2012-01-28T00:40:45.7306833-07:00">
        <Text>Test host process exited unexpectedly.</Text>
      </RunInfo>
    </RunInfos>
  </ResultSummary>
  <TestDefinitions>
    <UnitTest name="TestSudokuCreation" storage="c:\programming\ailab\testsudoku\bin\debug\testsudoku.dll" id="6fac9345-b75b-ddbb-c058-eab1577e0f7e">
      <Execution id="5b3b018b-99af-4437-8160-6fcadc178bb3" />
      <TestMethod codeBase="C:/Programming/AILab/TestSudoku/bin/Debug/TestSudoku.DLL" adapterTypeName="Microsoft.VisualStudio.TestTools.TestTypes.Unit.UnitTestAdapter, Microsoft.VisualStudio.QualityTools.Tips.UnitTest.Adapter, Version=10.0.0.0, Culture=neutral, PublicKeyToken=b03f5f7f11d50a3a" className="TestSudoku.TestCreateSudoku, TestSudoku, Version=1.0.0.0, Culture=neutral, PublicKeyToken=null" name="TestSudokuCreation" />
    </UnitTest>
  </TestDefinitions>
  <TestLists>
    <TestList name="Results Not in a List" id="8c84fa94-04c1-424b-9868-57a2d4851a1d" />
    <TestList name="All Loaded Results" id="19431567-8539-422a-85d7-44ee4e166bda" />
  </TestLists>
  <TestEntries>
    <TestEntry testId="6fac9345-b75b-ddbb-c058-eab1577e0f7e" executionId="5b3b018b-99af-4437-8160-6fcadc178bb3" testListId="8c84fa94-04c1-424b-9868-57a2d4851a1d" />
  </TestEntries>
  <Results>
    <UnitTestResult executionId="5b3b018b-99af-4437-8160-6fcadc178bb3" testId="6fac9345-b75b-ddbb-c058-eab1577e0f7e" testName="TestSudokuCreation" computerName="USSLCL00134" duration="00:04:11.2938695" startTime="2012-01-28T00:36:34.4368138-07:00" endTime="2012-01-28T00:40:45.7306833-07:00" testType="13cdc9d9-ddb5-4fa4-a97d-d965ccfc6d4b" outcome="Aborted" testListId="8c84fa94-04c1-424b-9868-57a2d4851a1d" relativeResultsDirectory="5b3b018b-99af-4437-8160-6fcadc178bb3">
    </UnitTestResult>
  </Results>
</TestRun>