<?xml version="1.0" encoding="UTF-8"?>
<TestRun id="6df7772d-65be-485e-9d7b-99cf00325d6c" name="nielsobr@USSLCL00134 2012-01-28 00:46:38" runUser="CORP\nielsobr" xmlns="http://microsoft.com/schemas/VisualStudio/TeamTest/2010">
  <TestSettings name="Local" id="eea220ab-40d6-40e9-934b-77bf5a1f08ee">
    <Description>These are default test settings for a local test run.</Description>
    <Deployment enabled="false" runDeploymentRoot="nielsobr_USSLCL00134 2012-01-28 00_46_38">
      <DeploymentItem filename="C:\Programming\AILab\Sudoku\bin\Debug\Sudoku.dll" />
    </Deployment>
    <Execution>
      <TestTypeSpecific />
      <AgentRule name="Execution Agents">
      </AgentRule>
    </Execution>
  </TestSettings>
  <Times creation="2012-01-28T00:46:38.4064061-07:00" queuing="2012-01-28T00:46:40.5526207-07:00" start="2012-01-28T00:46:40.6026257-07:00" finish="2012-01-28T00:46:41.8597514-07:00" />
  <ResultSummary outcome="Completed">
    <Counters total="1" executed="1" passed="1" error="0" failed="0" timeout="0" aborted="0" inconclusive="0" passedButRunAborted="0" notRunnable="0" notExecuted="0" disconnected="0" warning="0" completed="0" inProgress="0" pending="0" />
  </ResultSummary>
  <TestDefinitions>
    <UnitTest name="TestSudokuCreation" storage="c:\programming\ailab\testsudoku\bin\debug\testsudoku.dll" id="6fac9345-b75b-ddbb-c058-eab1577e0f7e">
      <Execution id="d5a519b9-28c8-4653-88c5-786df2752ecf" />
      <TestMethod codeBase="C:/Programming/AILab/TestSudoku/bin/Debug/TestSudoku.DLL" adapterTypeName="Microsoft.VisualStudio.TestTools.TestTypes.Unit.UnitTestAdapter, Microsoft.VisualStudio.QualityTools.Tips.UnitTest.Adapter, Version=10.0.0.0, Culture=neutral, PublicKeyToken=b03f5f7f11d50a3a" className="TestSudoku.TestCreateSudoku, TestSudoku, Version=1.0.0.0, Culture=neutral, PublicKeyToken=null" name="TestSudokuCreation" />
    </UnitTest>
  </TestDefinitions>
  <TestLists>
    <TestList name="Results Not in a List" id="8c84fa94-04c1-424b-9868-57a2d4851a1d" />
    <TestList name="All Loaded Results" id="19431567-8539-422a-85d7-44ee4e166bda" />
  </TestLists>
  <TestEntries>
    <TestEntry testId="6fac9345-b75b-ddbb-c058-eab1577e0f7e" executionId="d5a519b9-28c8-4653-88c5-786df2752ecf" testListId="8c84fa94-04c1-424b-9868-57a2d4851a1d" />
  </TestEntries>
  <Results>
    <UnitTestResult executionId="d5a519b9-28c8-4653-88c5-786df2752ecf" testId="6fac9345-b75b-ddbb-c058-eab1577e0f7e" testName="TestSudokuCreation" computerName="USSLCL00134" duration="00:00:00.6482915" startTime="2012-01-28T00:46:40.6346289-07:00" endTime="2012-01-28T00:46:41.7827437-07:00" testType="13cdc9d9-ddb5-4fa4-a97d-d965ccfc6d4b" outcome="Passed" testListId="8c84fa94-04c1-424b-9868-57a2d4851a1d" relativeResultsDirectory="d5a519b9-28c8-4653-88c5-786df2752ecf">
    </UnitTestResult>
  </Results>
</TestRun>