<?xml version="1.0" encoding="UTF-8"?>
<TestRun id="888c1abd-1550-4ca0-b9c2-6c194c0f34c2" name="nielsobr@USSLCL00134 2012-01-28 00:52:21" runUser="CORP\nielsobr" xmlns="http://microsoft.com/schemas/VisualStudio/TeamTest/2010">
  <TestSettings name="Local" id="eea220ab-40d6-40e9-934b-77bf5a1f08ee">
    <Description>These are default test settings for a local test run.</Description>
    <Deployment enabled="false" runDeploymentRoot="nielsobr_USSLCL00134 2012-01-28 00_52_21">
      <DeploymentItem filename="C:\Programming\AILab\Sudoku\bin\Debug\Sudoku.dll" />
    </Deployment>
    <Execution>
      <TestTypeSpecific />
      <AgentRule name="Execution Agents">
      </AgentRule>
    </Execution>
  </TestSettings>
  <Times creation="2012-01-28T00:52:21.3714604-07:00" queuing="2012-01-28T00:52:23.5555024-07:00" start="2012-01-28T00:52:23.6023033-07:00" finish="2012-01-28T00:52:24.9595294-07:00" />
  <ResultSummary outcome="Completed">
    <Counters total="1" executed="1" passed="1" error="0" failed="0" timeout="0" aborted="0" inconclusive="0" passedButRunAborted="0" notRunnable="0" notExecuted="0" disconnected="0" warning="0" completed="0" inProgress="0" pending="0" />
  </ResultSummary>
  <TestDefinitions>
    <UnitTest name="TestSudokuCreation" storage="c:\programming\ailab\testsudoku\bin\debug\testsudoku.dll" id="6fac9345-b75b-ddbb-c058-eab1577e0f7e">
      <Execution id="e60232c2-4a23-486e-bda1-a473c37fb6d9" />
      <TestMethod codeBase="C:/Programming/AILab/TestSudoku/bin/Debug/TestSudoku.DLL" adapterTypeName="Microsoft.VisualStudio.TestTools.TestTypes.Unit.UnitTestAdapter, Microsoft.VisualStudio.QualityTools.Tips.UnitTest.Adapter, Version=10.0.0.0, Culture=neutral, PublicKeyToken=b03f5f7f11d50a3a" className="TestSudoku.TestCreateSudoku, TestSudoku, Version=1.0.0.0, Culture=neutral, PublicKeyToken=null" name="TestSudokuCreation" />
    </UnitTest>
  </TestDefinitions>
  <TestLists>
    <TestList name="Results Not in a List" id="8c84fa94-04c1-424b-9868-57a2d4851a1d" />
    <TestList name="All Loaded Results" id="19431567-8539-422a-85d7-44ee4e166bda" />
  </TestLists>
  <TestEntries>
    <TestEntry testId="6fac9345-b75b-ddbb-c058-eab1577e0f7e" executionId="e60232c2-4a23-486e-bda1-a473c37fb6d9" testListId="8c84fa94-04c1-424b-9868-57a2d4851a1d" />
  </TestEntries>
  <Results>
    <UnitTestResult executionId="e60232c2-4a23-486e-bda1-a473c37fb6d9" testId="6fac9345-b75b-ddbb-c058-eab1577e0f7e" testName="TestSudokuCreation" computerName="USSLCL00134" duration="00:00:00.7064284" startTime="2012-01-28T00:52:23.6491042-07:00" endTime="2012-01-28T00:52:24.8659276-07:00" testType="13cdc9d9-ddb5-4fa4-a97d-d965ccfc6d4b" outcome="Passed" testListId="8c84fa94-04c1-424b-9868-57a2d4851a1d" relativeResultsDirectory="e60232c2-4a23-486e-bda1-a473c37fb6d9">
    </UnitTestResult>
  </Results>
</TestRun>